<?xml version="1.0" encoding="UTF-8"?>
<!-- Generated by org.testng.reporters.JUnitXMLReporter -->
<testsuite hostname="ndi-lap-841" ignored="6" name="TestCases" tests="6" failures="2" timestamp="2020-04-16T18:58:00 IST" time="8.435" errors="0">
  <testcase name="@AfterMethod afterMethod" time="0.002" classname="DemoSiteTC.BaseTestCase">
    <failure type="java.lang.NullPointerException">
      <![CDATA[java.lang.NullPointerException
at DemoSiteTC.BaseTestCase.afterMethod(BaseTestCase.java:121)
at java.util.ArrayList.forEach(Unknown Source)
... Removed 32 stack frames]]>
    </failure>
  </testcase> <!-- @AfterMethod afterMethod -->
  <testcase name="@BeforeMethod beforMethod" time="-1.587043680632E9" classname="DemoSiteTC.BaseTestCase">
    <skipped/>
  </testcase> <!-- @BeforeMethod beforMethod -->
  <testcase name="@AfterMethod afterMethod" time="-1.587043680641E9" classname="DemoSiteTC.BaseTestCase">
    <skipped/>
  </testcase> <!-- @AfterMethod afterMethod -->
  <testcase name="@AfterMethod afterMethod" time="0.001" classname="DemoSiteTC.BaseTestCase">
    <failure type="java.lang.NullPointerException">
      <![CDATA[java.lang.NullPointerException
at DemoSiteTC.BaseTestCase.afterMethod(BaseTestCase.java:121)
at java.util.ArrayList.forEach(Unknown Source)
... Removed 32 stack frames]]>
    </failure>
  </testcase> <!-- @AfterMethod afterMethod -->
  <testcase name="@BeforeMethod beforMethod" time="-1.587043680661E9" classname="DemoSiteTC.BaseTestCase">
    <skipped/>
  </testcase> <!-- @BeforeMethod beforMethod -->
  <testcase name="@AfterMethod afterMethod" time="-1.587043680667E9" classname="DemoSiteTC.BaseTestCase">
    <skipped/>
  </testcase> <!-- @AfterMethod afterMethod -->
  <testcase name="verifyTitle" time="0.125" classname="DemoSiteTC.HomePageTC"/>
  <testcase name="verifyHomepage" time="0.075" classname="DemoSiteTC.HomePageTC"/>
  <testcase name="verifyAddUserPage" time="0.002" classname="DemoSiteTC.AddUserTC">
    <failure type="java.lang.NullPointerException">
      <![CDATA[java.lang.NullPointerException
at DemoSiteTC.AddUserTC.verifyAddUserPage(AddUserTC.java:40)
at java.util.ArrayList.forEach(Unknown Source)
... Removed 27 stack frames]]>
    </failure>
  </testcase> <!-- verifyAddUserPage -->
  <testcase name="verifyAddUser" time="0.0" classname="DemoSiteTC.AddUserTC">
    <skipped/>
  </testcase> <!-- verifyAddUser -->
  <testcase name="loginPageVerify" time="0.003" classname="DemoSiteTC.LoginPageTC">
    <failure type="java.lang.NullPointerException">
      <![CDATA[java.lang.NullPointerException
at DemoSiteTC.LoginPageTC.loginPageVerify(LoginPageTC.java:18)
at java.util.ArrayList.forEach(Unknown Source)
... Removed 27 stack frames]]>
    </failure>
  </testcase> <!-- loginPageVerify -->
  <testcase name="methodLoginPage" time="0.0" classname="DemoSiteTC.LoginPageTC">
    <skipped/>
  </testcase> <!-- methodLoginPage -->
  <testcase name="@AfterSuite afterTest" time="0.0" classname="DemoSiteTC.BaseTestCase">
    <ignored/>
  </testcase> <!-- @AfterSuite afterTest -->
  <testcase name="@AfterSuite afterTest" time="0.0" classname="DemoSiteTC.BaseTestCase">
    <ignored/>
  </testcase> <!-- @AfterSuite afterTest -->
  <testcase name="@BeforeTest beforeTest" time="0.0" classname="DemoSiteTC.BaseTestCase">
    <ignored/>
  </testcase> <!-- @BeforeTest beforeTest -->
  <testcase name="@BeforeTest beforeTest" time="0.0" classname="DemoSiteTC.BaseTestCase">
    <ignored/>
  </testcase> <!-- @BeforeTest beforeTest -->
  <testcase name="@BeforeSuite beforesuit" time="0.0" classname="DemoSiteTC.BaseTestCase">
    <ignored/>
  </testcase> <!-- @BeforeSuite beforesuit -->
  <testcase name="@BeforeSuite beforesuit" time="0.0" classname="DemoSiteTC.BaseTestCase">
    <ignored/>
  </testcase> <!-- @BeforeSuite beforesuit -->
</testsuite> <!-- TestCases -->
